Copyright 1986-2020 Xilinx, Inc. All Rights Reserved.
-------------------------------------------------------------------------------------------------------------------------------------------------------------
| Tool Version     : Vivado v.2020.2 (lin64) Build 3064766 Wed Nov 18 09:12:47 MST 2020
| Date             : Tue Oct 19 09:59:50 2021
| Host             : pc running 64-bit Ubuntu 18.04.6 LTS
| Command          : report_power -file canda_spi_adc_power_routed.rpt -pb canda_spi_adc_power_summary_routed.pb -rpx canda_spi_adc_power_routed.rpx
| Design           : canda_spi_adc
| Device           : xc7a35tftg256-2
| Design State     : routed
| Grade            : commercial
| Process          : typical
| Characterization : Production
-------------------------------------------------------------------------------------------------------------------------------------------------------------

Power Report

Table of Contents
-----------------
1. Summary
1.1 On-Chip Components
1.2 Power Supply Summary
1.3 Confidence Level
2. Settings
2.1 Environment
2.2 Clock Constraints
3. Detailed Reports
3.1 By Hierarchy

1. Summary
----------

+--------------------------+--------------+
| Total On-Chip Power (W)  | 0.185        |
| Design Power Budget (W)  | Unspecified* |
| Power Budget Margin (W)  | NA           |
| Dynamic (W)              | 0.113        |
| Device Static (W)        | 0.072        |
| Effective TJA (C/W)      | 4.9          |
| Max Ambient (C)          | 84.1         |
| Junction Temperature (C) | 25.9         |
| Confidence Level         | Low          |
| Setting File             | ---          |
| Simulation Activity File | ---          |
| Design Nets Matched      | NA           |
+--------------------------+--------------+
* Specify Design Power Budget using, set_operating_conditions -design_power_budget <value in Watts>


1.1 On-Chip Components
----------------------

+-------------------------+-----------+----------+-----------+-----------------+
| On-Chip                 | Power (W) | Used     | Available | Utilization (%) |
+-------------------------+-----------+----------+-----------+-----------------+
| Clocks                  |     0.001 |        6 |       --- |             --- |
| Slice Logic             |     0.004 |    10536 |       --- |             --- |
|   LUT as Logic          |     0.003 |     3249 |     20800 |           15.62 |
|   Register              |    <0.001 |     5971 |     41600 |           14.35 |
|   CARRY4                |    <0.001 |      284 |      8150 |            3.48 |
|   BUFG                  |    <0.001 |       10 |        32 |           31.25 |
|   LUT as Shift Register |    <0.001 |       13 |      9600 |            0.14 |
|   F7/F8 Muxes           |    <0.001 |       78 |     32600 |            0.24 |
|   Others                |     0.000 |      372 |       --- |             --- |
| Signals                 |     0.004 |     8693 |       --- |             --- |
| Block RAM               |     0.001 |      9.5 |        50 |           19.00 |
| PLL                     |     0.094 |        1 |         5 |           20.00 |
| I/O                     |     0.008 |       59 |       170 |           34.71 |
| Static Power            |     0.072 |          |           |                 |
| Total                   |     0.185 |          |           |                 |
+-------------------------+-----------+----------+-----------+-----------------+


1.2 Power Supply Summary
------------------------

+-----------+-------------+-----------+-------------+------------+-------------+-------------+------------+
| Source    | Voltage (V) | Total (A) | Dynamic (A) | Static (A) | Powerup (A) | Budget (A)  | Margin (A) |
+-----------+-------------+-----------+-------------+------------+-------------+-------------+------------+
| Vccint    |       1.000 |     0.027 |       0.017 |      0.010 |       NA    | Unspecified | NA         |
| Vccaux    |       1.800 |     0.062 |       0.049 |      0.013 |       NA    | Unspecified | NA         |
| Vcco33    |       3.300 |     0.003 |       0.002 |      0.001 |       NA    | Unspecified | NA         |
| Vcco25    |       2.500 |     0.000 |       0.000 |      0.000 |       NA    | Unspecified | NA         |
| Vcco18    |       1.800 |     0.000 |       0.000 |      0.000 |       NA    | Unspecified | NA         |
| Vcco15    |       1.500 |     0.000 |       0.000 |      0.000 |       NA    | Unspecified | NA         |
| Vcco135   |       1.350 |     0.000 |       0.000 |      0.000 |       NA    | Unspecified | NA         |
| Vcco12    |       1.200 |     0.000 |       0.000 |      0.000 |       NA    | Unspecified | NA         |
| Vccaux_io |       1.800 |     0.000 |       0.000 |      0.000 |       NA    | Unspecified | NA         |
| Vccbram   |       1.000 |     0.001 |       0.000 |      0.000 |       NA    | Unspecified | NA         |
| MGTAVcc   |       1.000 |     0.000 |       0.000 |      0.000 |       NA    | Unspecified | NA         |
| MGTAVtt   |       1.200 |     0.000 |       0.000 |      0.000 |       NA    | Unspecified | NA         |
| Vccadc    |       1.800 |     0.020 |       0.000 |      0.020 |       NA    | Unspecified | NA         |
+-----------+-------------+-----------+-------------+------------+-------------+-------------+------------+


1.3 Confidence Level
--------------------

+-----------------------------+------------+--------------------------------------------------------+--------------------------------------------------------------------------------------------------------------------+
| User Input Data             | Confidence | Details                                                | Action                                                                                                             |
+-----------------------------+------------+--------------------------------------------------------+--------------------------------------------------------------------------------------------------------------------+
| Design implementation state | High       | Design is routed                                       |                                                                                                                    |
| Clock nodes activity        | Low        | User specified less than 75% of clocks                 | Provide missing clock activity with a constraint file, simulation results or by editing the "By Clock Domain" view |
| I/O nodes activity          | Low        | More than 75% of inputs are missing user specification | Provide missing input activity with simulation results or by editing the "By Resource Type -> I/Os" view           |
| Internal nodes activity     | Medium     | User specified less than 25% of internal nodes         | Provide missing internal nodes activity with simulation results or by editing the "By Resource Type" views         |
| Device models               | High       | Device models are Production                           |                                                                                                                    |
|                             |            |                                                        |                                                                                                                    |
| Overall confidence level    | Low        |                                                        |                                                                                                                    |
+-----------------------------+------------+--------------------------------------------------------+--------------------------------------------------------------------------------------------------------------------+


2. Settings
-----------

2.1 Environment
---------------

+-----------------------+--------------------------+
| Ambient Temp (C)      | 25.0                     |
| ThetaJA (C/W)         | 4.9                      |
| Airflow (LFM)         | 250                      |
| Heat Sink             | medium (Medium Profile)  |
| ThetaSA (C/W)         | 4.6                      |
| Board Selection       | medium (10"x10")         |
| # of Board Layers     | 12to15 (12 to 15 Layers) |
| Board Temperature (C) | 25.0                     |
+-----------------------+--------------------------+


2.2 Clock Constraints
---------------------

+--------------+----------------------------+-----------------+
| Clock        | Domain                     | Constraint (ns) |
+--------------+----------------------------+-----------------+
| clk_out2_pll | pll_inst/inst/clk_out2_pll |            40.0 |
| clk_out3_pll | pll_inst/inst/clk_out3_pll |           100.0 |
| clkfbout_pll | pll_inst/inst/clkfbout_pll |            20.0 |
| sys_clk      | sys_clk                    |            20.0 |
+--------------+----------------------------+-----------------+


3. Detailed Reports
-------------------

3.1 By Hierarchy
----------------

+---------------+-----------+
| Name          | Power (W) |
+---------------+-----------+
| canda_spi_adc |     0.113 |
|   ETH2_RX     |     0.001 |
|   pll_inst    |     0.094 |
|     inst      |     0.094 |
|   tx_25701    |     0.001 |
+---------------+-----------+


